0 1 2568 42841
1 0 32224 31378
1 0 6006 56634
1 0 35436 17680
0 1 3632 52894
0 1 48226 36201
1 0 11322 12157
0 1 59986 54818
1 0 31512 56508
0 1 22316 61930
0 1 46616 1725
1 0 16568 1394
1 0 39532 14916
0 1 5942 38004
1 0 27242 10817
1 0 51436 4089
0 1 41130 36327
1 0 63830 5041
1 0 47100 40561
0 1 10530 62164
0 1 10308 33682
1 0 51938 48607
1 0 60794 11581
1 0 104 20819
0 1 54698 59824
0 1 37192 22919
0 1 27482 18707
1 0 22618 59334
1 0 18754 58716
1 0 10096 55287
1 0 54658 54571
1 0 27874 16706
1 0 9154 16163
0 1 56702 39021
1 0 65430 12130
0 1 4648 36134
0 1 23982 36400
1 0 5938 12602
0 1 32986 58076
0 1 16450 62704
1 0 54744 55804
0 1 57028 42415
1 0 32256 53213
1 0 16394 50577
1 0 64050 11746
0 1 40696 36717
0 1 15086 63122
0 1 36350 14190
0 1 31462 14427
0 1 3070 1631
1 0 31008 36866
0 1 64440 23988
0 1 17000 13275
1 0 36292 52466
0 1 57120 45247
0 1 45990 48329
1 0 57448 2852
1 0 9572 49866
1 0 14868 307
1 0 23200 21390
0 1 20828 46521
1 0 3948 26152
1 0 38706 24810
0 1 34506 53847
1 0 2384 16181
0 1 15994 53968
0 1 40128 36368
0 1 19222 28945
1 0 40118 18601
1 0 26334 17970
1 0 37332 50066
1 0 4424 32667
0 1 17850 51530
0 1 46286 42559
1 0 53700 47303
0 1 55016 47550
0 1 33218 31304
1 0 45156 31146
1 0 4568 14813
1 0 65418 10755
1 0 30526 18527
0 1 25736 62270
1 0 7784 64882
0 1 1790 55845
0 1 61054 7972
0 1 51292 56872
0 1 40374 43919
1 0 64080 596
1 0 25348 23860
1 0 54460 33865
0 1 12168 55852
0 1 18612 20382
0 1 12270 1192
1 0 51882 25847
1 0 10198 55212
0 1 25882 20118
0 1 26384 18110
0 1 20186 21451
0 1 41164 35694
0 1 53976 59500
1 0 61248 58290
1 0 41084 31193
1 0 1492 25693
1 0 40658 50887
1 0 17986 41217
0 1 7182 39410
0 1 45328 49829
1 0 5446 27293
1 0 55636 59336
0 1 64300 24261
0 1 26614 24023
1 0 46608 35392
1 0 38514 28979
0 1 53988 17141
1 0 7010 53356
1 0 20038 55119
0 1 16606 5546
1 0 8984 8762
0 1 39818 60702
1 0 60504 8933
0 1 27698 104
1 0 50078 30204
0 1 57038 17080
1 0 58860 4507
1 0 2500 57164
1 0 34488 1055
0 1 5884 10207
1 0 62742 18125
1 0 3160 45458
0 1 34088 25
0 1 58246 53279
1 0 31644 27991
1 0 61436 32334
0 1 53628 12020
1 0 1038 27272
0 1 63720 7877
0 1 12936 61075
0 1 418 37197
0 1 6134 49886
0 1 18506 42810
0 1 10734 58316
0 1 15348 11955
1 0 57566 4693
0 1 49042 48845
1 0 46818 58900
0 1 45996 56815
0 1 13776 26908
1 0 40268 50397
1 0 12532 17216
1 0 12734 7031
0 1 53682 15036
0 1 5718 38418
1 0 4028 32820
0 1 52588 41086
0 1 372 11112
0 1 13690 51085
0 1 51706 2477
1 0 47346 5813
1 0 22656 27734
1 0 33584 33513
1 0 24594 3553
1 0 32378 30057
0 1 65472 3622
1 0 3042 861
1 0 39344 22779
1 0 5898 33396
0 1 19472 2194
1 0 29000 51898
0 1 6168 32599
0 1 38700 42035
1 0 8396 41067
1 0 52732 53505
0 1 20842 12153
1 0 43796 7844
1 0 43868 25154
0 1 12950 21998
1 0 40238 36733
0 1 24774 20258
1 0 36960 57473
1 0 8050 7661
1 0 540 26008
0 1 23510 51799
1 0 8784 45727
1 0 15018 24555
0 1 10144 12066
0 1 3884 17189
0 1 9712 5769
1 0 53164 55741
0 1 10096 7087
0 1 10098 7087