
WISCalculator v1.0
Author Derek Hower (drh5@cs.wisc.edu)
Type "help" for more information

Loading program...
Executing...
lbi r1, 2
INUM:        0 PC: 0x0000 REG: 1 VALUE: 0x0002
lbi r2, 2
INUM:        1 PC: 0x0002 REG: 2 VALUE: 0x0002
subi r1, r1, 1
INUM:        2 PC: 0x0004 REG: 1 VALUE: 0xffff
addi r2, r2, 1
INUM:        3 PC: 0x0006 REG: 2 VALUE: 0x0003
addi r2, r2, 1
INUM:        4 PC: 0x0008 REG: 2 VALUE: 0x0004
addi r2, r2, 1
INUM:        5 PC: 0x000a REG: 2 VALUE: 0x0005
addi r2, r2, 1
INUM:        6 PC: 0x000c REG: 2 VALUE: 0x0006
addi r2, r2, 1
INUM:        7 PC: 0x000e REG: 2 VALUE: 0x0007
addi r2, r2, 1
INUM:        8 PC: 0x0010 REG: 2 VALUE: 0x0008
addi r2, r2, 1
INUM:        9 PC: 0x0012 REG: 2 VALUE: 0x0009
add r1, r1, r1
INUM:       10 PC: 0x0014 REG: 1 VALUE: 0xfffe
add r2, r2, r2
INUM:       11 PC: 0x0016 REG: 2 VALUE: 0x0012
subi r2, r2, 1
INUM:       12 PC: 0x0018 REG: 2 VALUE: 0xffef
add r2, r2, r2
INUM:       13 PC: 0x001a REG: 2 VALUE: 0xffde
add r2, r2, r2
INUM:       14 PC: 0x001c REG: 2 VALUE: 0xffbc
sub r2, r2, r2
INUM:       15 PC: 0x001e REG: 2 VALUE: 0x0000
add r2, r1, r2
INUM:       16 PC: 0x0020 REG: 2 VALUE: 0xfffe
add r1, r2, r2
INUM:       17 PC: 0x0022 REG: 1 VALUE: 0xfffc
add r2, r2, r2
INUM:       18 PC: 0x0024 REG: 2 VALUE: 0xfffc
addi r2, r2, 4
INUM:       19 PC: 0x0026 REG: 2 VALUE: 0x0000
stu r2, r2, 12
INUM:       20 PC: 0x0028 REG: 2 VALUE: 0x000c ADDR: 0x000c VALUE: 0x0000
st r2, r1, 10
INUM:       21 PC: 0x002a ADDR: 0x0006 VALUE: 0x000c
st r2, r1, 10
INUM:       22 PC: 0x002c ADDR: 0x0006 VALUE: 0x000c
add r2, r1, r1
INUM:       23 PC: 0x002e REG: 2 VALUE: 0xfff8
xori r2, r2, 10
INUM:       24 PC: 0x0030 REG: 2 VALUE: 0xfff2
ld r2, r1, 10
INUM:       25 PC: 0x0032 REG: 2 VALUE: 0x000c ADDR: 0x0006
halt
program halted
INUM:       26 PC: 0x0034
Program Finished
