INUM:        0 PC: 0x0000 REG: 1 VALUE: 0x0002
INUM:        1 PC: 0x0002 REG: 2 VALUE: 0x0002
INUM:        2 PC: 0x0004 REG: 1 VALUE: 0xffff
INUM:        3 PC: 0x0006 REG: 2 VALUE: 0x0003
INUM:        4 PC: 0x0008 REG: 2 VALUE: 0x0004
INUM:        5 PC: 0x000a REG: 2 VALUE: 0x0005
INUM:        6 PC: 0x000c REG: 2 VALUE: 0x0006
INUM:        7 PC: 0x000e REG: 2 VALUE: 0x0007
INUM:        8 PC: 0x0010 REG: 2 VALUE: 0x0008
INUM:        9 PC: 0x0012 REG: 2 VALUE: 0x0009
INUM:       10 PC: 0x0014 REG: 1 VALUE: 0xfffe
INUM:       11 PC: 0x0016 REG: 2 VALUE: 0x0012
INUM:       12 PC: 0x0018 REG: 2 VALUE: 0xffef
INUM:       13 PC: 0x001a REG: 2 VALUE: 0xffde
INUM:       14 PC: 0x001c REG: 2 VALUE: 0xffbc
INUM:       15 PC: 0x001e REG: 2 VALUE: 0x0000
INUM:       16 PC: 0x0020 REG: 2 VALUE: 0xfffe
INUM:       17 PC: 0x0022 REG: 1 VALUE: 0xfffc
INUM:       18 PC: 0x0024 REG: 2 VALUE: 0xfffc
INUM:       19 PC: 0x0026 REG: 2 VALUE: 0x0000
INUM:       20 PC: 0x0028 REG: 2 VALUE: 0x000c ADDR: 0x000c VALUE: 0x0000
INUM:       21 PC: 0x002a ADDR: 0x0006 VALUE: 0x000c
INUM:       22 PC: 0x002c ADDR: 0x0006 VALUE: 0x000c
INUM:       23 PC: 0x002e REG: 2 VALUE: 0xfff8
INUM:       24 PC: 0x0030 REG: 2 VALUE: 0xfff2
INUM:       25 PC: 0x0032 REG: 2 VALUE: 0x000c ADDR: 0x0006
INUM:       26 PC: 0x0034
