SIMLOG:: Cycle           4 PC: 00000002 I: 00000800 R: 0   0 00000000 M: 0 0 00000000 00000000
SIMLOG:: Cycle           5 PC: 00000002 I: 00000000 R: 0   0 00000000 M: 0 0 00000000 00000000
SIMLOG:: Cycle           6 PC: 00000002 I: 00000000 R: 0   0 00000000 M: 0 0 00000000 00000000
SIMLOG:: Cycle           7 PC: 00000002 I: 00000000 R: 0   0 00000000 M: 0 0 00000000 00000000
SIMLOG:: Cycle           8 PC: 00000002 I: 00000000 R: 0   0 00000000 M: 0 0 00000000 00000000
SIMLOG:: Cycle           9 PC: 00000002 I: 00000000 R: 0   0 00000000 M: 0 0 00000000 00000000
SIMLOG:: Cycle          10 PC: 00000002 I: 00000000 R: 0   0 00000000 M: 0 0 00000000 00000000
SIMLOG:: Cycle          11 PC: 00000002 I: 0000c102 R: 0   0 00000000 M: 0 0 00000000 00000000
SIMLOG:: Cycle          12 PC: 00000004 I: 0000c202 R: 0   0 00000000 M: 0 0 00000000 00000000
SIMLOG:: Cycle          13 PC: 00000006 I: 00004921 R: 0   0 00000000 M: 0 0 00000000 00000000
SIMLOG:: Cycle          14 PC: 00000006 I: 00004921 R: 0   0 00000000 M: 0 0 00000000 00000000
SIMLOG:: Cycle          15 PC: 00000008 I: 00004241 R: 1   1 00000002 M: 0 0 00000000 00000000
SIMLOG:: Cycle          16 PC: 0000000a I: 00000000 R: 1   2 00000002 M: 0 0 00000000 00000000
SIMLOG:: Cycle          17 PC: 0000000a I: 00000000 R: 0   0 00000000 M: 0 0 0000ffff 00000002
SIMLOG:: Cycle          18 PC: 0000000a I: 00000000 R: 1   1 0000ffff M: 0 0 00000003 00000002
SIMLOG:: Cycle          19 PC: 0000000a I: 00000000 R: 1   2 00000003 M: 0 0 00000000 00000000
SIMLOG:: Cycle          20 PC: 0000000a I: 00000000 R: 0   0 00000000 M: 0 0 00000000 00000000
SIMLOG:: Cycle          21 PC: 0000000a I: 00000000 R: 0   0 00000000 M: 0 0 00000000 00000000
SIMLOG:: Cycle          22 PC: 0000000a I: 00000000 R: 0   0 00000000 M: 0 0 00000000 00000000
SIMLOG:: Cycle          23 PC: 0000000a I: 00004241 R: 0   0 00000000 M: 0 0 00000000 00000000
SIMLOG:: Cycle          24 PC: 0000000c I: 00004241 R: 0   0 00000000 M: 0 0 00000000 00000000
SIMLOG:: Cycle          25 PC: 0000000e I: 00004241 R: 0   0 00000000 M: 0 0 00000000 00000000
SIMLOG:: Cycle          26 PC: 00000010 I: 00004241 R: 0   0 00000000 M: 0 0 00000004 00000003
SIMLOG:: Cycle          27 PC: 00000012 I: 00000000 R: 1   2 00000004 M: 0 0 00000005 00000003
SIMLOG:: Cycle          28 PC: 00000012 I: 00000000 R: 1   2 00000005 M: 0 0 00000006 00000004
SIMLOG:: Cycle          29 PC: 00000012 I: 00000000 R: 1   2 00000006 M: 0 0 00000007 00000005
SIMLOG:: Cycle          30 PC: 00000012 I: 00000000 R: 1   2 00000007 M: 0 0 00000000 00000000
SIMLOG:: Cycle          31 PC: 00000012 I: 00000000 R: 0   0 00000000 M: 0 0 00000000 00000000
SIMLOG:: Cycle          32 PC: 00000012 I: 00000000 R: 0   0 00000000 M: 0 0 00000000 00000000
SIMLOG:: Cycle          33 PC: 00000012 I: 00000000 R: 0   0 00000000 M: 0 0 00000000 00000000
SIMLOG:: Cycle          34 PC: 00000012 I: 00004241 R: 0   0 00000000 M: 0 0 00000000 00000000
SIMLOG:: Cycle          35 PC: 00000014 I: 00004241 R: 0   0 00000000 M: 0 0 00000000 00000000
SIMLOG:: Cycle          36 PC: 00000016 I: 0000d924 R: 0   0 00000000 M: 0 0 00000000 00000000
SIMLOG:: Cycle          37 PC: 00000018 I: 0000da48 R: 0   0 00000000 M: 0 0 00000008 00000007
SIMLOG:: Cycle          38 PC: 0000001a I: 00000000 R: 1   2 00000008 M: 0 0 00000009 00000007
SIMLOG:: Cycle          39 PC: 0000001a I: 00000000 R: 1   2 00000009 M: 0 0 0000fffe 0000ffff
SIMLOG:: Cycle          40 PC: 0000001a I: 00000000 R: 1   1 0000fffe M: 0 0 00000012 00000009
SIMLOG:: Cycle          41 PC: 0000001a I: 00000000 R: 1   2 00000012 M: 0 0 00000000 00000000
SIMLOG:: Cycle          42 PC: 0000001a I: 00000000 R: 0   0 00000000 M: 0 0 00000000 00000000
SIMLOG:: Cycle          43 PC: 0000001a I: 00000000 R: 0   0 00000000 M: 0 0 00000000 00000000
SIMLOG:: Cycle          44 PC: 0000001a I: 00000000 R: 0   0 00000000 M: 0 0 00000000 00000000
SIMLOG:: Cycle          45 PC: 0000001a I: 00004a41 R: 0   0 00000000 M: 0 0 00000000 00000000
SIMLOG:: Cycle          46 PC: 0000001c I: 0000da48 R: 0   0 00000000 M: 0 0 00000000 00000000
SIMLOG:: Cycle          47 PC: 0000001e I: 0000da48 R: 0   0 00000000 M: 0 0 00000000 00000000
SIMLOG:: Cycle          48 PC: 00000020 I: 0000da49 R: 0   0 00000000 M: 0 0 0000ffef 00000012
SIMLOG:: Cycle          49 PC: 00000022 I: 00000000 R: 1   2 0000ffef M: 0 0 0000ffde 00000012
SIMLOG:: Cycle          50 PC: 00000022 I: 00000000 R: 1   2 0000ffde M: 0 0 0000ffbc 0000ffef
SIMLOG:: Cycle          51 PC: 00000022 I: 00000000 R: 1   2 0000ffbc M: 0 0 00000000 0000ffde
SIMLOG:: Cycle          52 PC: 00000022 I: 00000000 R: 1   2 00000000 M: 0 0 00000000 00000000
SIMLOG:: Cycle          53 PC: 00000022 I: 00000000 R: 0   0 00000000 M: 0 0 00000000 00000000
SIMLOG:: Cycle          54 PC: 00000022 I: 00000000 R: 0   0 00000000 M: 0 0 00000000 00000000
SIMLOG:: Cycle          55 PC: 00000022 I: 00000000 R: 0   0 00000000 M: 0 0 00000000 00000000
SIMLOG:: Cycle          56 PC: 00000022 I: 0000d948 R: 0   0 00000000 M: 0 0 00000000 00000000
SIMLOG:: Cycle          57 PC: 00000024 I: 0000da44 R: 0   0 00000000 M: 0 0 00000000 00000000
SIMLOG:: Cycle          58 PC: 00000026 I: 0000da48 R: 0   0 00000000 M: 0 0 00000000 00000000
SIMLOG:: Cycle          59 PC: 00000028 I: 00004244 R: 0   0 00000000 M: 0 0 0000fffe 00000000
SIMLOG:: Cycle          60 PC: 0000002a I: 00000000 R: 1   2 0000fffe M: 0 0 0000fffc 00000000
SIMLOG:: Cycle          61 PC: 0000002a I: 00000000 R: 1   1 0000fffc M: 0 0 0000fffc 0000fffe
SIMLOG:: Cycle          62 PC: 0000002a I: 00000000 R: 1   2 0000fffc M: 0 0 00000000 0000fffe
SIMLOG:: Cycle          63 PC: 0000002a I: 00000000 R: 1   2 00000000 M: 0 0 00000000 00000000
SIMLOG:: Cycle          64 PC: 0000002a I: 00000000 R: 0   0 00000000 M: 0 0 00000000 00000000
SIMLOG:: Cycle          65 PC: 0000002a I: 00000000 R: 0   0 00000000 M: 0 0 00000000 00000000
SIMLOG:: Cycle          66 PC: 0000002a I: 00000000 R: 0   0 00000000 M: 0 0 00000000 00000000
SIMLOG:: Cycle          67 PC: 0000002a I: 00009a4c R: 0   0 00000000 M: 0 0 00000000 00000000
SIMLOG:: Cycle          68 PC: 0000002c I: 0000814a R: 0   0 00000000 M: 0 0 00000000 00000000
SIMLOG:: Cycle          69 PC: 0000002c I: 0000814a R: 0   0 00000000 M: 0 0 00000000 00000000
SIMLOG:: Cycle          70 PC: 0000002c I: 0000814a R: 0   0 00000000 M: 0 0 0000000c 00000000
SIMLOG:: Cycle          71 PC: 0000002c I: 0000814a R: 0   0 0000000c M: 0 0 0000000c 00000000
SIMLOG:: Cycle          72 PC: 0000002c I: 0000814a R: 0   0 0000000c M: 0 0 0000000c 00000000
SIMLOG:: Cycle          73 PC: 0000002c I: 0000814a R: 0   0 0000000c M: 0 0 0000000c 00000000
SIMLOG:: Cycle          74 PC: 0000002c I: 0000814a R: 0   0 0000000c M: 0 0 0000000c 00000000
SIMLOG:: Cycle          75 PC: 0000002c I: 0000814a R: 0   0 0000000c M: 0 0 0000000c 00000000
SIMLOG:: Cycle          76 PC: 0000002c I: 0000814a R: 0   0 0000000c M: 0 0 0000000c 00000000
SIMLOG:: Cycle          77 PC: 0000002c I: 0000814a R: 0   0 0000000c M: 0 1 0000000c 00000000
SIMLOG:: Cycle          78 PC: 0000002e I: 0000814a R: 1   2 0000000c M: 0 0 00000000 00000000
SIMLOG:: Cycle          79 PC: 00000030 I: 0000d928 R: 0   0 00000000 M: 0 0 00000000 00000000
SIMLOG:: Cycle          80 PC: 00000032 I: 00000000 R: 0   0 00000000 M: 0 0 00000006 0000000c
SIMLOG:: Cycle          81 PC: 00000032 I: 00000000 R: 0   0 00000006 M: 0 0 00000006 0000000c
SIMLOG:: Cycle          82 PC: 00000032 I: 00000000 R: 0   0 00000006 M: 0 0 00000006 0000000c
SIMLOG:: Cycle          83 PC: 00000032 I: 00000000 R: 0   0 00000006 M: 0 0 00000006 0000000c
SIMLOG:: Cycle          84 PC: 00000032 I: 00000000 R: 0   0 00000006 M: 0 0 00000006 0000000c
SIMLOG:: Cycle          85 PC: 00000032 I: 00000000 R: 0   0 00000006 M: 0 0 00000006 0000000c
SIMLOG:: Cycle          86 PC: 00000032 I: 00000000 R: 0   0 00000006 M: 0 0 00000006 0000000c
SIMLOG:: Cycle          87 PC: 00000032 I: 0000524a R: 0   0 00000006 M: 0 1 00000006 0000000c
SIMLOG:: Cycle          88 PC: 00000034 I: 0000894a R: 0   1 00000006 M: 0 1 00000006 0000000c
SIMLOG:: Cycle          89 PC: 00000036 I: 00000000 R: 0   1 00000006 M: 0 0 0000fff8 0000fffc
SIMLOG:: Cycle          90 PC: 00000036 I: 00000000 R: 1   2 0000fff8 M: 0 0 0000fff2 0000000c
SIMLOG:: Cycle          91 PC: 00000036 I: 00000000 R: 1   2 0000fff2 M: 1 0 00000006 0000fff8
SIMLOG:: Cycle          92 PC: 00000036 I: 00000000 R: 1   2 0000000c M: 0 0 00000000 00000000
SIMLOG:: Cycle          93 PC: 00000033 I: 0000894a R: 0   0 00000000 M: 0 0 00000000 00000000
SIMLOG:: Processor halted

SIMLOG:: sim_cycles          93

SIMLOG:: inst_count          28

SIMLOG:: dcachehit_count           2

SIMLOG:: icachehit_count          34

SIMLOG:: dcachereq_count          18

SIMLOG:: icachereq_count          90

